# Logfile created on 2014-02-27 15:43:04 -0500 by logger.rb/44203
I, [2014-02-27T15:43:04.121760 #95356]  INFO -- : 0:  coderay (1.1.0) from /Users/keithwebber/.rvm/gems/ruby-2.1.0/specifications/coderay-1.1.0.gemspec
I, [2014-02-27T15:43:04.122205 #95356]  INFO -- : 0:  method_source (0.8.2) from /Users/keithwebber/.rvm/gems/ruby-2.1.0/specifications/method_source-0.8.2.gemspec
I, [2014-02-27T15:43:04.122603 #95356]  INFO -- : 0:  slop (3.4.7) from /Users/keithwebber/.rvm/gems/ruby-2.1.0/specifications/slop-3.4.7.gemspec
I, [2014-02-27T15:43:04.122959 #95356]  INFO -- : 0:  pry (0.9.12.6) from /Users/keithwebber/.rvm/gems/ruby-2.1.0/specifications/pry-0.9.12.6.gemspec
I, [2014-02-27T15:43:04.123301 #95356]  INFO -- : 0:  rack (1.5.2) from /Users/keithwebber/.rvm/gems/ruby-2.1.0/specifications/rack-1.5.2.gemspec
I, [2014-02-27T15:43:04.123642 #95356]  INFO -- : 0:  rack-protection (1.5.2) from /Users/keithwebber/.rvm/gems/ruby-2.1.0/specifications/rack-protection-1.5.2.gemspec
I, [2014-02-27T15:43:04.123987 #95356]  INFO -- : 0:  shotgun (0.9) from /Users/keithwebber/.rvm/gems/ruby-2.1.0/specifications/shotgun-0.9.gemspec
I, [2014-02-27T15:43:04.124335 #95356]  INFO -- : 0:  tilt (1.4.1) from /Users/keithwebber/.rvm/gems/ruby-2.1.0/specifications/tilt-1.4.1.gemspec
I, [2014-02-27T15:43:04.124727 #95356]  INFO -- : 0:  sinatra (1.4.4) from /Users/keithwebber/.rvm/gems/ruby-2.1.0/specifications/sinatra-1.4.4.gemspec
I, [2014-02-27T15:43:04.125056 #95356]  INFO -- : 0:  bundler (1.5.1) from /Users/keithwebber/.rvm/gems/ruby-2.1.0/specifications/bundler-1.5.1.gemspec
I, [2014-02-27T16:13:32.591235 #96178]  INFO -- : 0:  coderay (1.1.0) from /Users/keithwebber/.rvm/gems/ruby-2.1.0/specifications/coderay-1.1.0.gemspec
I, [2014-02-27T16:13:32.596862 #96178]  INFO -- : 0:  method_source (0.8.2) from /Users/keithwebber/.rvm/gems/ruby-2.1.0/specifications/method_source-0.8.2.gemspec
I, [2014-02-27T16:13:32.597240 #96178]  INFO -- : 0:  slop (3.4.7) from /Users/keithwebber/.rvm/gems/ruby-2.1.0/specifications/slop-3.4.7.gemspec
I, [2014-02-27T16:13:32.597539 #96178]  INFO -- : 0:  pry (0.9.12.6) from /Users/keithwebber/.rvm/gems/ruby-2.1.0/specifications/pry-0.9.12.6.gemspec
I, [2014-02-27T16:13:32.597835 #96178]  INFO -- : 0:  rack (1.5.2) from /Users/keithwebber/.rvm/gems/ruby-2.1.0/specifications/rack-1.5.2.gemspec
I, [2014-02-27T16:13:32.598131 #96178]  INFO -- : 0:  rack-protection (1.5.2) from /Users/keithwebber/.rvm/gems/ruby-2.1.0/specifications/rack-protection-1.5.2.gemspec
I, [2014-02-27T16:13:32.598430 #96178]  INFO -- : 0:  shotgun (0.9) from /Users/keithwebber/.rvm/gems/ruby-2.1.0/specifications/shotgun-0.9.gemspec
I, [2014-02-27T16:13:32.598721 #96178]  INFO -- : 0:  tilt (1.4.1) from /Users/keithwebber/.rvm/gems/ruby-2.1.0/specifications/tilt-1.4.1.gemspec
I, [2014-02-27T16:13:32.599013 #96178]  INFO -- : 0:  sinatra (1.4.4) from /Users/keithwebber/.rvm/gems/ruby-2.1.0/specifications/sinatra-1.4.4.gemspec
I, [2014-02-27T16:13:32.599268 #96178]  INFO -- : 0:  bundler (1.5.1) from /Users/keithwebber/.rvm/gems/ruby-2.1.0/specifications/bundler-1.5.1.gemspec
